<?xml version="1.0" encoding="UTF-8"?>
<testng-results ignored="0" total="1" passed="1" failed="0" skipped="0">
  <reporter-output>
  </reporter-output>
  <suite started-at="2023-06-28T11:37:01Z" name="Default suite" finished-at="2023-06-28T11:38:01Z" duration-ms="60415">
    <groups>
      <group name="cucumber">
        <method signature="AbstractTestNGCucumberTests.runScenario(cucumber.api.testng.PickleEventWrapper, cucumber.api.testng.CucumberFeatureWrapper)[pri:0, instance:testRunner.TestRunner@6f10d5b6]" name="runScenario" class="cucumber.api.testng.AbstractTestNGCucumberTests"/>
      </group> <!-- cucumber -->
    </groups>
    <test started-at="2023-06-28T11:37:01Z" name="Default test" finished-at="2023-06-28T11:38:01Z" duration-ms="60415">
      <class name="testRunner.TestRunner">
        <test-method is-config="true" signature="setUpClass()[pri:0, instance:testRunner.TestRunner@6f10d5b6]" started-at="2023-06-28T11:37:01Z" name="setUpClass" finished-at="2023-06-28T11:37:01Z" duration-ms="80" status="PASS">
          <reporter-output>
          </reporter-output>
        </test-method> <!-- setUpClass -->
        <test-method signature="runScenario(cucumber.api.testng.PickleEventWrapper, cucumber.api.testng.CucumberFeatureWrapper)[pri:0, instance:testRunner.TestRunner@6f10d5b6]" started-at="2023-06-28T11:37:01Z" name="runScenario" description="Runs Cucumber Scenarios" data-provider="scenarios" finished-at="2023-06-28T11:38:01Z" duration-ms="60282" status="PASS">
          <params>
            <param index="0">
              <value>
                <![CDATA["Go to NoBroker site and get the house details"]]>
              </value>
            </param>
            <param index="1">
              <value>
                <![CDATA["Get the house details from NoBroker.in"]]>
              </value>
            </param>
          </params>
          <reporter-output>
          </reporter-output>
        </test-method> <!-- runScenario -->
        <test-method is-config="true" signature="tearDownClass()[pri:0, instance:testRunner.TestRunner@6f10d5b6]" started-at="2023-06-28T11:38:01Z" name="tearDownClass" finished-at="2023-06-28T11:38:01Z" duration-ms="8" status="PASS">
          <reporter-output>
          </reporter-output>
        </test-method> <!-- tearDownClass -->
      </class> <!-- testRunner.TestRunner -->
    </test> <!-- Default test -->
  </suite> <!-- Default suite -->
</testng-results>
